2019-09-11 14:30:08 INFO  User:114 - John Doe registered as user.
	Username:	Jodoe
	Email:		jodoe@hotmail.com
2019-09-11 14:30:39 INFO  User:114 - Jane Doe registered as user.
	Username:	Jadoe
	Email:		jadoe@hotmail.com
2019-09-11 14:35:28 INFO  User:114 - John Doe registered as user.
	Username:	Jodoe
	Email:		jodoe@hotmail.com
2019-09-11 14:35:58 INFO  User:114 - Jane Doe registered as user.
	Username:	Jadoe
	Email:		jadoe@hotmail.com
2019-09-11 15:15:38 INFO  User:114 - John Doe registered as user.
	Username:	Jodoe
	Email:		jodoe@hotmail.com
2019-09-11 15:16:20 INFO  User:114 - Jane Doe registered as user.
	Username:	Jadoe
	Email:		jadoe@hotmail.com
2019-09-11 15:43:13 INFO  User:114 - John Doe registered as user.
	Username:	Jodoe
	Email:		jodoe@hotmail.com
2019-09-11 15:43:48 INFO  User:114 - Jane Doe registered as user.
	Username:	Jadoe
	Email:		jadoe@hotmail.com
2019-09-11 15:47:44 INFO  User:114 - John Doe registered as user.
	Username:	Jodoe
	Email:		jodoe@hotmail.com
2019-09-11 15:48:14 INFO  User:114 - Jane Doe registered as user.
	Username:	Jadoe
	Email:		jadoe@hotmail.com
2019-09-11 15:55:30 INFO  User:116 - John Doe registered as user.
	Username:	Jodoe
	Email:		jodoe@hotmail.com
2019-09-11 16:05:30 INFO  User:116 - John Doe registered as user.
	Username:	Jodoe
	Email:		jodoe@hotmail.com
2019-09-11 16:15:32 INFO  User:116 - John Doe registered as user.
	Username:	Jodoe
	Email:		jodoe@hotmail.com
2019-09-11 16:16:35 INFO  User:116 - Jane Doe registered as user.
	Username:	Jadoe
	Email:		jadoe@hotmail.com
2019-09-11 22:01:19 INFO  User:118 - John Doe registered as user.
	Username:	Jodoe
	Email:		jodoe@hotmail.com
2019-09-11 22:01:19 INFO  User:118 - Jane Doe registered as user.
	Username:	Jadoe
	Email:		jadoe@hotmail.com
2019-09-11 22:20:52 INFO  User:111 - John Doe registered as user.
	Username:	Jodoe
	Email:		jodoe@hotmail.com
2019-09-11 22:20:52 INFO  User:111 - Jane Doe registered as user.
	Username:	Jadoe
	Email:		jadoe@hotmail.com
2019-09-13 15:32:19 INFO  User:113 - Devon Virden registered as user.
	Username:	Dejavir
	Email:		devonvirden@hotmail.com
2019-09-13 15:32:20 ERROR SqlExceptionHelper:142 - ORA-00001: unique constraint (DEVONJV.UK_485QX7J33Q3B5DJQ7170UYMOM) violated

2019-09-18 13:52:51 ERROR SqlExceptionHelper:142 - ORA-02291: integrity constraint (DEVONJV.FKRT9TYI4OH4KY1I1EX2LN22T5W) violated - parent key not found

2019-09-18 14:17:17 INFO  User:121 - Joe Doe registered as user.
	Username:	Jodoe
	Email:		jodoe@gamil.com
2019-09-18 14:17:18 INFO  User:121 - Jane Doe registered as user.
	Username:	Jadoe
	Email:		jadoe@gamil.com
2019-09-18 14:17:18 INFO  User:121 - Jimmy Doe registered as user.
	Username:	Jidoe
	Email:		jidoe@gamil.com
2019-09-18 14:17:19 INFO  User:121 - Jummy Doe registered as user.
	Username:	Judoe
	Email:		judoe@gamil.com
2019-09-18 14:17:19 INFO  User:121 - Azareth Heim registered as user.
	Username:	Inferno
	Email:		devonjvirden@gmail.com
2019-09-18 14:17:20 INFO  User:121 - Devon Virden registered as user.
	Username:	Dejavir
	Email:		devonvirden@hotmail.com
2019-09-18 14:20:24 INFO  User:120 - Joe Doe registered as user.
	Username:	Jodoe
	Email:		jodoe@gamil.com
2019-09-18 14:20:26 INFO  User:120 - Jane Doe registered as user.
	Username:	Jadoe
	Email:		jadoe@gamil.com
2019-09-18 14:20:27 INFO  User:120 - Jimmy Doe registered as user.
	Username:	Jidoe
	Email:		jidoe@gamil.com
2019-09-18 14:20:29 INFO  User:120 - Jummy Doe registered as user.
	Username:	Judoe
	Email:		judoe@gamil.com
2019-09-18 14:20:31 INFO  User:120 - Azareth Heim registered as user.
	Username:	Inferno
	Email:		devonjvirden@gmail.com
2019-09-18 14:20:34 INFO  User:120 - Devon Virden registered as user.
	Username:	Dejavir
	Email:		devonvirden@hotmail.com
2019-09-18 14:30:43 INFO  User:120 - Joe Doe registered as user.
	Username:	Jodoe
	Email:		jodoe@gamil.com
2019-09-18 14:30:43 INFO  User:120 - Jane Doe registered as user.
	Username:	Jadoe
	Email:		jadoe@gamil.com
2019-09-18 14:30:44 INFO  User:120 - Jimmy Doe registered as user.
	Username:	Jidoe
	Email:		jidoe@gamil.com
2019-09-18 14:30:45 INFO  User:120 - Jummy Doe registered as user.
	Username:	Judoe
	Email:		judoe@gamil.com
2019-09-18 14:30:45 INFO  User:120 - Azareth Heim registered as user.
	Username:	Inferno
	Email:		devonjvirden@gmail.com
2019-09-18 14:30:46 INFO  User:120 - Devon Virden registered as user.
	Username:	Dejavir
	Email:		devonvirden@hotmail.com
2019-09-18 14:39:57 ERROR SqlExceptionHelper:142 - ORA-00001: unique constraint (DEVONJV.SYS_C008263) violated

2019-09-18 14:49:27 ERROR SqlExceptionHelper:142 - ORA-02291: integrity constraint (DEVONJV.FKRT9TYI4OH4KY1I1EX2LN22T5W) violated - parent key not found

2019-09-18 14:51:51 ERROR SqlExceptionHelper:142 - ORA-02291: integrity constraint (DEVONJV.FKRT9TYI4OH4KY1I1EX2LN22T5W) violated - parent key not found

2019-09-18 15:00:56 ERROR SqlExceptionHelper:142 - ORA-02291: integrity constraint (DEVONJV.FKRT9TYI4OH4KY1I1EX2LN22T5W) violated - parent key not found

